[DEBUG][2020-11-30 11:52:24,000][org.apache.ibatis.logging.LogFactory]Logging initialized using 'class org.apache.ibatis.logging.log4j.Log4jImpl' adapter.
[DEBUG][2020-11-30 11:52:24,100][org.apache.ibatis.logging.LogFactory]Logging initialized using 'class org.apache.ibatis.logging.log4j.Log4jImpl' adapter.
[DEBUG][2020-11-30 11:52:24,168][org.apache.ibatis.datasource.pooled.PooledDataSource]PooledDataSource forcefully closed/removed all connections.
[DEBUG][2020-11-30 11:52:24,168][org.apache.ibatis.datasource.pooled.PooledDataSource]PooledDataSource forcefully closed/removed all connections.
[DEBUG][2020-11-30 11:52:24,168][org.apache.ibatis.datasource.pooled.PooledDataSource]PooledDataSource forcefully closed/removed all connections.
[DEBUG][2020-11-30 11:52:24,169][org.apache.ibatis.datasource.pooled.PooledDataSource]PooledDataSource forcefully closed/removed all connections.
[DEBUG][2020-11-30 11:52:24,276][org.apache.ibatis.transaction.jdbc.JdbcTransaction]Opening JDBC Connection
[DEBUG][2020-11-30 11:52:25,199][org.apache.ibatis.datasource.pooled.PooledDataSource]Created connection 945722724.
[DEBUG][2020-11-30 11:52:25,199][org.apache.ibatis.transaction.jdbc.JdbcTransaction]Setting autocommit to false on JDBC Connection [com.mysql.cj.jdbc.ConnectionImpl@385e9564]
[DEBUG][2020-11-30 11:52:25,201][man.kuke.dao.UserMapper.getPersonById]==>  Preparing: select * from person where id = ? 
[DEBUG][2020-11-30 11:52:25,245][man.kuke.dao.UserMapper.getPersonById]==> Parameters: 06181039(String)
[DEBUG][2020-11-30 11:52:25,273][man.kuke.dao.UserMapper.getPersonById]<==      Total: 1
[DEBUG][2020-11-30 11:52:25,276][org.apache.ibatis.transaction.jdbc.JdbcTransaction]Resetting autocommit to true on JDBC Connection [com.mysql.cj.jdbc.ConnectionImpl@385e9564]
[DEBUG][2020-11-30 11:52:25,277][org.apache.ibatis.transaction.jdbc.JdbcTransaction]Closing JDBC Connection [com.mysql.cj.jdbc.ConnectionImpl@385e9564]
[DEBUG][2020-11-30 11:52:25,278][org.apache.ibatis.datasource.pooled.PooledDataSource]Returned connection 945722724 to pool.
[DEBUG][20-11-30][org.apache.ibatis.logging.LogFactory]Logging initialized using 'class org.apache.ibatis.logging.log4j.Log4jImpl' adapter.
[DEBUG][20-11-30][org.apache.ibatis.logging.LogFactory]Logging initialized using 'class org.apache.ibatis.logging.log4j.Log4jImpl' adapter.
[DEBUG][20-11-30][org.apache.ibatis.datasource.pooled.PooledDataSource]PooledDataSource forcefully closed/removed all connections.
[DEBUG][20-11-30][org.apache.ibatis.datasource.pooled.PooledDataSource]PooledDataSource forcefully closed/removed all connections.
[DEBUG][20-11-30][org.apache.ibatis.datasource.pooled.PooledDataSource]PooledDataSource forcefully closed/removed all connections.
[DEBUG][20-11-30][org.apache.ibatis.datasource.pooled.PooledDataSource]PooledDataSource forcefully closed/removed all connections.
[DEBUG][20-11-30][org.apache.ibatis.transaction.jdbc.JdbcTransaction]Opening JDBC Connection
[DEBUG][20-11-30][org.apache.ibatis.datasource.pooled.PooledDataSource]Created connection 945722724.
[DEBUG][20-11-30][org.apache.ibatis.transaction.jdbc.JdbcTransaction]Setting autocommit to false on JDBC Connection [com.mysql.cj.jdbc.ConnectionImpl@385e9564]
[DEBUG][20-11-30][man.kuke.dao.UserMapper.getPersonById]==>  Preparing: select * from person where id = ? 
[DEBUG][20-11-30][man.kuke.dao.UserMapper.getPersonById]==> Parameters: 06181039(String)
[DEBUG][20-11-30][man.kuke.dao.UserMapper.getPersonById]<==      Total: 1
[DEBUG][20-11-30][org.apache.ibatis.transaction.jdbc.JdbcTransaction]Resetting autocommit to true on JDBC Connection [com.mysql.cj.jdbc.ConnectionImpl@385e9564]
[DEBUG][20-11-30][org.apache.ibatis.transaction.jdbc.JdbcTransaction]Closing JDBC Connection [com.mysql.cj.jdbc.ConnectionImpl@385e9564]
[DEBUG][20-11-30][org.apache.ibatis.datasource.pooled.PooledDataSource]Returned connection 945722724 to pool.
[DEBUG][20-11-30][org.apache.ibatis.logging.LogFactory]Logging initialized using 'class org.apache.ibatis.logging.log4j.Log4jImpl' adapter.
[DEBUG][20-11-30][org.apache.ibatis.logging.LogFactory]Logging initialized using 'class org.apache.ibatis.logging.log4j.Log4jImpl' adapter.
[DEBUG][20-11-30][org.apache.ibatis.datasource.pooled.PooledDataSource]PooledDataSource forcefully closed/removed all connections.
[DEBUG][20-11-30][org.apache.ibatis.datasource.pooled.PooledDataSource]PooledDataSource forcefully closed/removed all connections.
[DEBUG][20-11-30][org.apache.ibatis.datasource.pooled.PooledDataSource]PooledDataSource forcefully closed/removed all connections.
[DEBUG][20-11-30][org.apache.ibatis.datasource.pooled.PooledDataSource]PooledDataSource forcefully closed/removed all connections.
[DEBUG][20-11-30][org.apache.ibatis.transaction.jdbc.JdbcTransaction]Opening JDBC Connection
[DEBUG][20-11-30][org.apache.ibatis.datasource.pooled.PooledDataSource]Created connection 945722724.
[DEBUG][20-11-30][org.apache.ibatis.transaction.jdbc.JdbcTransaction]Setting autocommit to false on JDBC Connection [com.mysql.cj.jdbc.ConnectionImpl@385e9564]
[DEBUG][20-11-30][man.kuke.dao.UserMapper.getPersonById]==>  Preparing: select * from person where id = ? 
[DEBUG][20-11-30][man.kuke.dao.UserMapper.getPersonById]==> Parameters: 06181039(String)
[DEBUG][20-11-30][man.kuke.dao.UserMapper.getPersonById]<==      Total: 1
[DEBUG][20-11-30][org.apache.ibatis.transaction.jdbc.JdbcTransaction]Resetting autocommit to true on JDBC Connection [com.mysql.cj.jdbc.ConnectionImpl@385e9564]
[DEBUG][20-11-30][org.apache.ibatis.transaction.jdbc.JdbcTransaction]Closing JDBC Connection [com.mysql.cj.jdbc.ConnectionImpl@385e9564]
[DEBUG][20-11-30][org.apache.ibatis.datasource.pooled.PooledDataSource]Returned connection 945722724 to pool.
[INFO][20-11-30][man.kuke.dao.Log4jTest]info test
[DEBUG][20-11-30][man.kuke.dao.Log4jTest]debug test
[ERROR][20-11-30][man.kuke.dao.Log4jTest]error test
java.lang.Exception: false
	at man.kuke.dao.Log4jTest.log4jDemo(Log4jTest.java:19)
	at sun.reflect.NativeMethodAccessorImpl.invoke0(Native Method)
	at sun.reflect.NativeMethodAccessorImpl.invoke(NativeMethodAccessorImpl.java:62)
	at sun.reflect.DelegatingMethodAccessorImpl.invoke(DelegatingMethodAccessorImpl.java:43)
	at java.lang.reflect.Method.invoke(Method.java:498)
	at org.junit.runners.model.FrameworkMethod$1.runReflectiveCall(FrameworkMethod.java:47)
	at org.junit.internal.runners.model.ReflectiveCallable.run(ReflectiveCallable.java:12)
	at org.junit.runners.model.FrameworkMethod.invokeExplosively(FrameworkMethod.java:44)
	at org.junit.internal.runners.statements.InvokeMethod.evaluate(InvokeMethod.java:17)
	at org.junit.runners.ParentRunner.runLeaf(ParentRunner.java:271)
	at org.junit.runners.BlockJUnit4ClassRunner.runChild(BlockJUnit4ClassRunner.java:70)
	at org.junit.runners.BlockJUnit4ClassRunner.runChild(BlockJUnit4ClassRunner.java:50)
	at org.junit.runners.ParentRunner$3.run(ParentRunner.java:238)
	at org.junit.runners.ParentRunner$1.schedule(ParentRunner.java:63)
	at org.junit.runners.ParentRunner.runChildren(ParentRunner.java:236)
	at org.junit.runners.ParentRunner.access$000(ParentRunner.java:53)
	at org.junit.runners.ParentRunner$2.evaluate(ParentRunner.java:229)
	at org.junit.runners.ParentRunner.run(ParentRunner.java:309)
	at org.junit.runner.JUnitCore.run(JUnitCore.java:160)
	at com.intellij.junit4.JUnit4IdeaTestRunner.startRunnerWithArgs(JUnit4IdeaTestRunner.java:68)
	at com.intellij.rt.junit.IdeaTestRunner$Repeater.startRunnerWithArgs(IdeaTestRunner.java:33)
	at com.intellij.rt.junit.JUnitStarter.prepareStreamsAndStart(JUnitStarter.java:230)
	at com.intellij.rt.junit.JUnitStarter.main(JUnitStarter.java:58)
[DEBUG][20-11-30][org.apache.ibatis.logging.LogFactory]Logging initialized using 'class org.apache.ibatis.logging.log4j.Log4jImpl' adapter.
[DEBUG][20-11-30][org.apache.ibatis.logging.LogFactory]Logging initialized using 'class org.apache.ibatis.logging.log4j.Log4jImpl' adapter.
[DEBUG][20-11-30][org.apache.ibatis.datasource.pooled.PooledDataSource]PooledDataSource forcefully closed/removed all connections.
[DEBUG][20-11-30][org.apache.ibatis.datasource.pooled.PooledDataSource]PooledDataSource forcefully closed/removed all connections.
[DEBUG][20-11-30][org.apache.ibatis.datasource.pooled.PooledDataSource]PooledDataSource forcefully closed/removed all connections.
[DEBUG][20-11-30][org.apache.ibatis.datasource.pooled.PooledDataSource]PooledDataSource forcefully closed/removed all connections.
[DEBUG][20-11-30][org.apache.ibatis.transaction.jdbc.JdbcTransaction]Opening JDBC Connection
[DEBUG][20-11-30][org.apache.ibatis.datasource.pooled.PooledDataSource]Created connection 1278852808.
[DEBUG][20-11-30][org.apache.ibatis.transaction.jdbc.JdbcTransaction]Setting autocommit to false on JDBC Connection [com.mysql.cj.jdbc.ConnectionImpl@4c39bec8]
[DEBUG][20-11-30][man.kuke.dao.UserMapper.getPersonByLimit]==>  Preparing: select * from myemployees.person limit ?,? 
[DEBUG][20-11-30][man.kuke.dao.UserMapper.getPersonByLimit]==> Parameters: 1(Integer), 1(Integer)
[DEBUG][20-11-30][man.kuke.dao.UserMapper.getPersonByLimit]<==      Total: 1
[DEBUG][20-11-30][org.apache.ibatis.logging.LogFactory]Logging initialized using 'class org.apache.ibatis.logging.log4j.Log4jImpl' adapter.
[DEBUG][20-11-30][org.apache.ibatis.logging.LogFactory]Logging initialized using 'class org.apache.ibatis.logging.log4j.Log4jImpl' adapter.
[DEBUG][20-11-30][org.apache.ibatis.datasource.pooled.PooledDataSource]PooledDataSource forcefully closed/removed all connections.
[DEBUG][20-11-30][org.apache.ibatis.datasource.pooled.PooledDataSource]PooledDataSource forcefully closed/removed all connections.
[DEBUG][20-11-30][org.apache.ibatis.datasource.pooled.PooledDataSource]PooledDataSource forcefully closed/removed all connections.
[DEBUG][20-11-30][org.apache.ibatis.datasource.pooled.PooledDataSource]PooledDataSource forcefully closed/removed all connections.
[DEBUG][20-11-30][org.apache.ibatis.transaction.jdbc.JdbcTransaction]Opening JDBC Connection
[DEBUG][20-11-30][org.apache.ibatis.datasource.pooled.PooledDataSource]Created connection 1487500813.
[DEBUG][20-11-30][org.apache.ibatis.transaction.jdbc.JdbcTransaction]Setting autocommit to false on JDBC Connection [com.mysql.cj.jdbc.ConnectionImpl@58a9760d]
[DEBUG][20-11-30][man.kuke.dao.UserMapper.getPersonByBounds]==>  Preparing: select * from person 
[DEBUG][20-11-30][man.kuke.dao.UserMapper.getPersonByBounds]==> Parameters: 
[DEBUG][20-11-30][org.apache.ibatis.logging.LogFactory]Logging initialized using 'class org.apache.ibatis.logging.log4j.Log4jImpl' adapter.
[DEBUG][20-11-30][org.apache.ibatis.logging.LogFactory]Logging initialized using 'class org.apache.ibatis.logging.log4j.Log4jImpl' adapter.
[DEBUG][20-11-30][org.apache.ibatis.datasource.pooled.PooledDataSource]PooledDataSource forcefully closed/removed all connections.
[DEBUG][20-11-30][org.apache.ibatis.datasource.pooled.PooledDataSource]PooledDataSource forcefully closed/removed all connections.
[DEBUG][20-11-30][org.apache.ibatis.datasource.pooled.PooledDataSource]PooledDataSource forcefully closed/removed all connections.
[DEBUG][20-11-30][org.apache.ibatis.datasource.pooled.PooledDataSource]PooledDataSource forcefully closed/removed all connections.
[DEBUG][20-11-30][org.apache.ibatis.transaction.jdbc.JdbcTransaction]Opening JDBC Connection
[DEBUG][20-11-30][org.apache.ibatis.datasource.pooled.PooledDataSource]Created connection 925308434.
[DEBUG][20-11-30][org.apache.ibatis.transaction.jdbc.JdbcTransaction]Setting autocommit to false on JDBC Connection [com.mysql.cj.jdbc.ConnectionImpl@37271612]
[DEBUG][20-11-30][man.kuke.dao.UserMapper.getPersonByAnno]==>  Preparing: select * from person where id = ? 
[DEBUG][20-11-30][man.kuke.dao.UserMapper.getPersonByAnno]==> Parameters: 06181040(String)
[DEBUG][20-11-30][man.kuke.dao.UserMapper.getPersonByAnno]<==      Total: 1
[DEBUG][20-11-30][org.apache.ibatis.transaction.jdbc.JdbcTransaction]Resetting autocommit to true on JDBC Connection [com.mysql.cj.jdbc.ConnectionImpl@37271612]
[DEBUG][20-11-30][org.apache.ibatis.transaction.jdbc.JdbcTransaction]Closing JDBC Connection [com.mysql.cj.jdbc.ConnectionImpl@37271612]
[DEBUG][20-11-30][org.apache.ibatis.datasource.pooled.PooledDataSource]Returned connection 925308434 to pool.
[DEBUG][20-11-30][org.apache.ibatis.logging.LogFactory]Logging initialized using 'class org.apache.ibatis.logging.log4j.Log4jImpl' adapter.
[DEBUG][20-11-30][org.apache.ibatis.logging.LogFactory]Logging initialized using 'class org.apache.ibatis.logging.log4j.Log4jImpl' adapter.
[DEBUG][20-11-30][org.apache.ibatis.datasource.pooled.PooledDataSource]PooledDataSource forcefully closed/removed all connections.
[DEBUG][20-11-30][org.apache.ibatis.datasource.pooled.PooledDataSource]PooledDataSource forcefully closed/removed all connections.
[DEBUG][20-11-30][org.apache.ibatis.datasource.pooled.PooledDataSource]PooledDataSource forcefully closed/removed all connections.
[DEBUG][20-11-30][org.apache.ibatis.datasource.pooled.PooledDataSource]PooledDataSource forcefully closed/removed all connections.
[DEBUG][20-11-30][org.apache.ibatis.transaction.jdbc.JdbcTransaction]Opening JDBC Connection
[DEBUG][20-11-30][org.apache.ibatis.datasource.pooled.PooledDataSource]Created connection 925308434.
[DEBUG][20-11-30][org.apache.ibatis.transaction.jdbc.JdbcTransaction]Setting autocommit to false on JDBC Connection [com.mysql.cj.jdbc.ConnectionImpl@37271612]
[DEBUG][20-11-30][man.kuke.dao.UserMapper.getPersonByAnno]==>  Preparing: select * from person where id = ? 
[DEBUG][20-11-30][man.kuke.dao.UserMapper.getPersonByAnno]==> Parameters: 06181040(String)
[DEBUG][20-11-30][man.kuke.dao.UserMapper.getPersonByAnno]<==      Total: 1
[DEBUG][20-11-30][org.apache.ibatis.transaction.jdbc.JdbcTransaction]Resetting autocommit to true on JDBC Connection [com.mysql.cj.jdbc.ConnectionImpl@37271612]
[DEBUG][20-11-30][org.apache.ibatis.transaction.jdbc.JdbcTransaction]Closing JDBC Connection [com.mysql.cj.jdbc.ConnectionImpl@37271612]
[DEBUG][20-11-30][org.apache.ibatis.datasource.pooled.PooledDataSource]Returned connection 925308434 to pool.
[DEBUG][20-11-30][org.apache.ibatis.logging.LogFactory]Logging initialized using 'class org.apache.ibatis.logging.log4j.Log4jImpl' adapter.
[DEBUG][20-11-30][org.apache.ibatis.logging.LogFactory]Logging initialized using 'class org.apache.ibatis.logging.log4j.Log4jImpl' adapter.
[DEBUG][20-11-30][org.apache.ibatis.datasource.pooled.PooledDataSource]PooledDataSource forcefully closed/removed all connections.
[DEBUG][20-11-30][org.apache.ibatis.datasource.pooled.PooledDataSource]PooledDataSource forcefully closed/removed all connections.
[DEBUG][20-11-30][org.apache.ibatis.datasource.pooled.PooledDataSource]PooledDataSource forcefully closed/removed all connections.
[DEBUG][20-11-30][org.apache.ibatis.datasource.pooled.PooledDataSource]PooledDataSource forcefully closed/removed all connections.
[DEBUG][20-11-30][org.apache.ibatis.transaction.jdbc.JdbcTransaction]Opening JDBC Connection
[DEBUG][20-11-30][org.apache.ibatis.datasource.pooled.PooledDataSource]Created connection 111900554.
[DEBUG][20-11-30][org.apache.ibatis.transaction.jdbc.JdbcTransaction]Setting autocommit to false on JDBC Connection [com.mysql.cj.jdbc.ConnectionImpl@6ab778a]
[DEBUG][20-11-30][man.kuke.dao.UserMapper.addPersonByAnno]==>  Preparing: insert into person(id,name) values(? ?) 
[DEBUG][20-11-30][man.kuke.dao.UserMapper.addPersonByAnno]==> Parameters: 06181041(String), 马林静(String)
[DEBUG][20-11-30][org.apache.ibatis.logging.LogFactory]Logging initialized using 'class org.apache.ibatis.logging.log4j.Log4jImpl' adapter.
[DEBUG][20-11-30][org.apache.ibatis.logging.LogFactory]Logging initialized using 'class org.apache.ibatis.logging.log4j.Log4jImpl' adapter.
[DEBUG][20-11-30][org.apache.ibatis.datasource.pooled.PooledDataSource]PooledDataSource forcefully closed/removed all connections.
[DEBUG][20-11-30][org.apache.ibatis.datasource.pooled.PooledDataSource]PooledDataSource forcefully closed/removed all connections.
[DEBUG][20-11-30][org.apache.ibatis.datasource.pooled.PooledDataSource]PooledDataSource forcefully closed/removed all connections.
[DEBUG][20-11-30][org.apache.ibatis.datasource.pooled.PooledDataSource]PooledDataSource forcefully closed/removed all connections.
[DEBUG][20-11-30][org.apache.ibatis.transaction.jdbc.JdbcTransaction]Opening JDBC Connection
[DEBUG][20-11-30][org.apache.ibatis.datasource.pooled.PooledDataSource]Created connection 111900554.
[DEBUG][20-11-30][org.apache.ibatis.transaction.jdbc.JdbcTransaction]Setting autocommit to false on JDBC Connection [com.mysql.cj.jdbc.ConnectionImpl@6ab778a]
[DEBUG][20-11-30][man.kuke.dao.UserMapper.addPersonByAnno]==>  Preparing: insert into person(id,name) values(?,?) 
[DEBUG][20-11-30][man.kuke.dao.UserMapper.addPersonByAnno]==> Parameters: 06181041(String), 马林静(String)
[DEBUG][20-11-30][org.apache.ibatis.transaction.jdbc.JdbcTransaction]Resetting autocommit to true on JDBC Connection [com.mysql.cj.jdbc.ConnectionImpl@6ab778a]
[DEBUG][20-11-30][org.apache.ibatis.transaction.jdbc.JdbcTransaction]Closing JDBC Connection [com.mysql.cj.jdbc.ConnectionImpl@6ab778a]
[DEBUG][20-11-30][org.apache.ibatis.datasource.pooled.PooledDataSource]Returned connection 111900554 to pool.
[DEBUG][20-11-30][org.apache.ibatis.logging.LogFactory]Logging initialized using 'class org.apache.ibatis.logging.log4j.Log4jImpl' adapter.
[DEBUG][20-11-30][org.apache.ibatis.logging.LogFactory]Logging initialized using 'class org.apache.ibatis.logging.log4j.Log4jImpl' adapter.
[DEBUG][20-11-30][org.apache.ibatis.datasource.pooled.PooledDataSource]PooledDataSource forcefully closed/removed all connections.
[DEBUG][20-11-30][org.apache.ibatis.datasource.pooled.PooledDataSource]PooledDataSource forcefully closed/removed all connections.
[DEBUG][20-11-30][org.apache.ibatis.datasource.pooled.PooledDataSource]PooledDataSource forcefully closed/removed all connections.
[DEBUG][20-11-30][org.apache.ibatis.datasource.pooled.PooledDataSource]PooledDataSource forcefully closed/removed all connections.
[DEBUG][20-11-30][org.apache.ibatis.transaction.jdbc.JdbcTransaction]Opening JDBC Connection
[DEBUG][20-11-30][org.apache.ibatis.datasource.pooled.PooledDataSource]Created connection 111900554.
[DEBUG][20-11-30][org.apache.ibatis.transaction.jdbc.JdbcTransaction]Setting autocommit to false on JDBC Connection [com.mysql.cj.jdbc.ConnectionImpl@6ab778a]
[DEBUG][20-11-30][man.kuke.dao.UserMapper.deletePersonByAnno]==>  Preparing: delete table from person where id=? 
[DEBUG][20-11-30][man.kuke.dao.UserMapper.deletePersonByAnno]==> Parameters: 06181041(String)
[DEBUG][20-11-30][org.apache.ibatis.logging.LogFactory]Logging initialized using 'class org.apache.ibatis.logging.log4j.Log4jImpl' adapter.
[DEBUG][20-11-30][org.apache.ibatis.logging.LogFactory]Logging initialized using 'class org.apache.ibatis.logging.log4j.Log4jImpl' adapter.
[DEBUG][20-11-30][org.apache.ibatis.datasource.pooled.PooledDataSource]PooledDataSource forcefully closed/removed all connections.
[DEBUG][20-11-30][org.apache.ibatis.datasource.pooled.PooledDataSource]PooledDataSource forcefully closed/removed all connections.
[DEBUG][20-11-30][org.apache.ibatis.datasource.pooled.PooledDataSource]PooledDataSource forcefully closed/removed all connections.
[DEBUG][20-11-30][org.apache.ibatis.datasource.pooled.PooledDataSource]PooledDataSource forcefully closed/removed all connections.
[DEBUG][20-11-30][org.apache.ibatis.transaction.jdbc.JdbcTransaction]Opening JDBC Connection
[DEBUG][20-11-30][org.apache.ibatis.datasource.pooled.PooledDataSource]Created connection 111900554.
[DEBUG][20-11-30][org.apache.ibatis.transaction.jdbc.JdbcTransaction]Setting autocommit to false on JDBC Connection [com.mysql.cj.jdbc.ConnectionImpl@6ab778a]
[DEBUG][20-11-30][man.kuke.dao.UserMapper.deletePersonByAnno]==>  Preparing: delete from person where id=? 
[DEBUG][20-11-30][man.kuke.dao.UserMapper.deletePersonByAnno]==> Parameters: 06181041(String)
[DEBUG][20-11-30][org.apache.ibatis.transaction.jdbc.JdbcTransaction]Resetting autocommit to true on JDBC Connection [com.mysql.cj.jdbc.ConnectionImpl@6ab778a]
[DEBUG][20-11-30][org.apache.ibatis.transaction.jdbc.JdbcTransaction]Closing JDBC Connection [com.mysql.cj.jdbc.ConnectionImpl@6ab778a]
[DEBUG][20-11-30][org.apache.ibatis.datasource.pooled.PooledDataSource]Returned connection 111900554 to pool.
[DEBUG][20-11-30][org.apache.ibatis.logging.LogFactory]Logging initialized using 'class org.apache.ibatis.logging.log4j.Log4jImpl' adapter.
[DEBUG][20-11-30][org.apache.ibatis.logging.LogFactory]Logging initialized using 'class org.apache.ibatis.logging.log4j.Log4jImpl' adapter.
[DEBUG][20-11-30][org.apache.ibatis.datasource.pooled.PooledDataSource]PooledDataSource forcefully closed/removed all connections.
[DEBUG][20-11-30][org.apache.ibatis.datasource.pooled.PooledDataSource]PooledDataSource forcefully closed/removed all connections.
[DEBUG][20-11-30][org.apache.ibatis.datasource.pooled.PooledDataSource]PooledDataSource forcefully closed/removed all connections.
[DEBUG][20-11-30][org.apache.ibatis.datasource.pooled.PooledDataSource]PooledDataSource forcefully closed/removed all connections.
[DEBUG][20-11-30][org.apache.ibatis.transaction.jdbc.JdbcTransaction]Opening JDBC Connection
[DEBUG][20-11-30][org.apache.ibatis.datasource.pooled.PooledDataSource]Created connection 940584193.
[DEBUG][20-11-30][org.apache.ibatis.transaction.jdbc.JdbcTransaction]Setting autocommit to false on JDBC Connection [com.mysql.cj.jdbc.ConnectionImpl@38102d01]
[DEBUG][20-11-30][man.kuke.dao.UserMapper.updatePersonByAnno]==>  Preparing: update from person set id=?,#name{name} where id=? 
[DEBUG][20-11-30][org.apache.ibatis.logging.LogFactory]Logging initialized using 'class org.apache.ibatis.logging.log4j.Log4jImpl' adapter.
[DEBUG][20-11-30][org.apache.ibatis.logging.LogFactory]Logging initialized using 'class org.apache.ibatis.logging.log4j.Log4jImpl' adapter.
[DEBUG][20-11-30][org.apache.ibatis.datasource.pooled.PooledDataSource]PooledDataSource forcefully closed/removed all connections.
[DEBUG][20-11-30][org.apache.ibatis.datasource.pooled.PooledDataSource]PooledDataSource forcefully closed/removed all connections.
[DEBUG][20-11-30][org.apache.ibatis.datasource.pooled.PooledDataSource]PooledDataSource forcefully closed/removed all connections.
[DEBUG][20-11-30][org.apache.ibatis.datasource.pooled.PooledDataSource]PooledDataSource forcefully closed/removed all connections.
[DEBUG][20-11-30][org.apache.ibatis.transaction.jdbc.JdbcTransaction]Opening JDBC Connection
[DEBUG][20-11-30][org.apache.ibatis.datasource.pooled.PooledDataSource]Created connection 940584193.
[DEBUG][20-11-30][org.apache.ibatis.transaction.jdbc.JdbcTransaction]Setting autocommit to false on JDBC Connection [com.mysql.cj.jdbc.ConnectionImpl@38102d01]
[DEBUG][20-11-30][man.kuke.dao.UserMapper.updatePersonByAnno]==>  Preparing: update from person set id=?,name? where id=? 
[DEBUG][20-11-30][man.kuke.dao.UserMapper.updatePersonByAnno]==> Parameters: 06181039(String), 李柯柯(String), 06181039(String)
[DEBUG][20-11-30][org.apache.ibatis.logging.LogFactory]Logging initialized using 'class org.apache.ibatis.logging.log4j.Log4jImpl' adapter.
[DEBUG][20-11-30][org.apache.ibatis.logging.LogFactory]Logging initialized using 'class org.apache.ibatis.logging.log4j.Log4jImpl' adapter.
[DEBUG][20-11-30][org.apache.ibatis.datasource.pooled.PooledDataSource]PooledDataSource forcefully closed/removed all connections.
[DEBUG][20-11-30][org.apache.ibatis.datasource.pooled.PooledDataSource]PooledDataSource forcefully closed/removed all connections.
[DEBUG][20-11-30][org.apache.ibatis.datasource.pooled.PooledDataSource]PooledDataSource forcefully closed/removed all connections.
[DEBUG][20-11-30][org.apache.ibatis.datasource.pooled.PooledDataSource]PooledDataSource forcefully closed/removed all connections.
[DEBUG][20-11-30][org.apache.ibatis.transaction.jdbc.JdbcTransaction]Opening JDBC Connection
[DEBUG][20-11-30][org.apache.ibatis.datasource.pooled.PooledDataSource]Created connection 940584193.
[DEBUG][20-11-30][org.apache.ibatis.transaction.jdbc.JdbcTransaction]Setting autocommit to false on JDBC Connection [com.mysql.cj.jdbc.ConnectionImpl@38102d01]
[DEBUG][20-11-30][man.kuke.dao.UserMapper.updatePersonByAnno]==>  Preparing: update from person set id=?,name=? where id=? 
[DEBUG][20-11-30][man.kuke.dao.UserMapper.updatePersonByAnno]==> Parameters: 06181039(String), 李柯柯(String), 06181039(String)
[DEBUG][20-11-30][org.apache.ibatis.logging.LogFactory]Logging initialized using 'class org.apache.ibatis.logging.log4j.Log4jImpl' adapter.
[DEBUG][20-11-30][org.apache.ibatis.logging.LogFactory]Logging initialized using 'class org.apache.ibatis.logging.log4j.Log4jImpl' adapter.
[DEBUG][20-11-30][org.apache.ibatis.datasource.pooled.PooledDataSource]PooledDataSource forcefully closed/removed all connections.
[DEBUG][20-11-30][org.apache.ibatis.datasource.pooled.PooledDataSource]PooledDataSource forcefully closed/removed all connections.
[DEBUG][20-11-30][org.apache.ibatis.datasource.pooled.PooledDataSource]PooledDataSource forcefully closed/removed all connections.
[DEBUG][20-11-30][org.apache.ibatis.datasource.pooled.PooledDataSource]PooledDataSource forcefully closed/removed all connections.
[DEBUG][20-11-30][org.apache.ibatis.transaction.jdbc.JdbcTransaction]Opening JDBC Connection
[DEBUG][20-11-30][org.apache.ibatis.datasource.pooled.PooledDataSource]Created connection 940584193.
[DEBUG][20-11-30][org.apache.ibatis.transaction.jdbc.JdbcTransaction]Setting autocommit to false on JDBC Connection [com.mysql.cj.jdbc.ConnectionImpl@38102d01]
[DEBUG][20-11-30][man.kuke.dao.UserMapper.updatePersonByAnno]==>  Preparing: update person set id=?,name=? where id=? 
[DEBUG][20-11-30][man.kuke.dao.UserMapper.updatePersonByAnno]==> Parameters: 06181039(String), 李柯柯(String), 06181039(String)
[DEBUG][20-11-30][org.apache.ibatis.transaction.jdbc.JdbcTransaction]Resetting autocommit to true on JDBC Connection [com.mysql.cj.jdbc.ConnectionImpl@38102d01]
[DEBUG][20-11-30][org.apache.ibatis.transaction.jdbc.JdbcTransaction]Closing JDBC Connection [com.mysql.cj.jdbc.ConnectionImpl@38102d01]
[DEBUG][20-11-30][org.apache.ibatis.datasource.pooled.PooledDataSource]Returned connection 940584193 to pool.
